#
# There is insufficient memory for the Java Runtime Environment to continue.
# Native memory allocation (mmap) failed to map 132120576 bytes for G1 virtual space
# Possible reasons:
#   The system is out of physical RAM or swap space
#   The process is running with CompressedOops enabled, and the Java Heap may be blocking the growth of the native heap
# Possible solutions:
#   Reduce memory load on the system
#   Increase physical memory or swap space
#   Check if swap backing store is full
#   Decrease Java heap size (-Xmx/-Xms)
#   Decrease number of Java threads
#   Decrease Java thread stack sizes (-Xss)
#   Set larger code cache with -XX:ReservedCodeCacheSize=
#   JVM is running with Unscaled Compressed Oops mode in which the Java heap is
#     placed in the first 4GB address space. The Java Heap base address is the
#     maximum limit for the native heap growth. Please use -XX:HeapBaseMinAddress
#     to set the Java Heap base and to place the Java Heap above 4GB virtual address.
# This output file may be truncated or incomplete.
#
#  Out of Memory Error (os_windows.cpp:3466), pid=4228, tid=15076
#
# JRE version:  (16.0.2+7) (build )
# Java VM: OpenJDK 64-Bit Server VM (16.0.2+7-67, mixed mode, sharing, tiered, compressed oops, compressed class ptrs, g1 gc, windows-amd64)
# No core dump will be written. Minidumps are not enabled by default on client versions of Windows
#

---------------  S U M M A R Y ------------

Command Line: -Dfile.encoding=Cp1252 -XX:+ShowCodeDetailsInExceptionMessages Palindrome

Host: Intel(R) Core(TM) i5-8250U CPU @ 1.60GHz, 8 cores, 7G,  Windows 10 , 64 bit Build 19041 (10.0.19041.1348)
Time: Sun Dec 19 01:04:06 2021 Malay Peninsula Standard Time elapsed time: 0.022144 seconds (0d 0h 0m 0s)

---------------  T H R E A D  ---------------

Current thread (0x000001bb780ff380):  JavaThread "Unknown thread" [_thread_in_vm, id=15076, stack(0x0000005beba00000,0x0000005bebb00000)]

Stack: [0x0000005beba00000,0x0000005bebb00000]
Native frames: (J=compiled Java code, j=interpreted, Vv=VM code, C=native code)
V  [jvm.dll+0x6681ca]
V  [jvm.dll+0x7c9e69]
V  [jvm.dll+0x7cb61e]
V  [jvm.dll+0x7cbc73]
V  [jvm.dll+0x242c55]
V  [jvm.dll+0x664f89]
V  [jvm.dll+0x659b75]
V  [jvm.dll+0x2fbfbb]
V  [jvm.dll+0x3031b6]
V  [jvm.dll+0x35299e]
V  [jvm.dll+0x352bcf]
V  [jvm.dll+0x2d3028]
V  [jvm.dll+0x2d4264]
V  [jvm.dll+0x79c741]
V  [jvm.dll+0x360791]
V  [jvm.dll+0x77a3f0]
V  [jvm.dll+0x3e4e8f]
V  [jvm.dll+0x3e6961]
C  [jli.dll+0x52fb]
C  [ucrtbase.dll+0x21bb2]
C  [KERNEL32.DLL+0x17034]
C  [ntdll.dll+0x52651]


---------------  P R O C E S S  ---------------

Threads class SMR info:
_java_thread_list=0x00007ff86ca7cbb8, length=0, elements={
}

Java Threads: ( => current thread )

Other Threads:
  0x000001bb7813f0b0 GCTaskThread "GC Thread#0" [stack: 0x0000005bebb00000,0x0000005bebc00000] [id=7060]
  0x000001bb781505e0 ConcurrentGCThread "G1 Main Marker" [stack: 0x0000005bebc00000,0x0000005bebd00000] [id=3868]
  0x000001bb781510d0 ConcurrentGCThread "G1 Conc#0" [stack: 0x0000005bebd00000,0x0000005bebe00000] [id=10916]

[error occurred during error reporting (printing all threads), id 0xc0000005, EXCEPTION_ACCESS_VIOLATION (0xc0000005) at pc=0x00007ff86c253ee7]

VM state: not at safepoint (not fully initialized)

VM Mutex/Monitor currently owned by a thread:  ([mutex/lock_event])
[0x000001bb780fc010] Heap_lock - owner thread: 0x000001bb780ff380

Heap address: 0x0000000082400000, size: 2012 MB, Compressed Oops mode: 32-bit

CDS archive(s) mapped at: [0x0000000000000000-0x0000000000000000-0x0000000000000000), size 0, SharedBaseAddress: 0x0000000800000000, ArchiveRelocationMode: 0.
Narrow klass base: 0x0000000000000000, Narrow klass shift: 0, Narrow klass range: 0x0

GC Precious Log:
<Empty>

Heap:
 garbage-first heap   total 0K, used 0K [0x0000000082400000, 0x0000000100000000)
  region size 1024K, 0 young (0K), 0 survivors (0K)

[error occurred during error reporting (printing heap information), id 0xc0000005, EXCEPTION_ACCESS_VIOLATION (0xc0000005) at pc=0x00007ff86c631eed]

GC Heap History (0 events):
No events

Deoptimization events (0 events):
No events

Classes unloaded (0 events):
No events

Classes redefined (0 events):
No events

Internal exceptions (0 events):
No events

Events (1 events):
Event: 0.009 Loaded shared library C:\Users\BAAK\.p2\pool\plugins\org.eclipse.justj.openjdk.hotspot.jre.full.win32.x86_64_16.0.2.v20210721-1149\jre\bin\java.dll


Dynamic libraries:
0x00007ff6abf50000 - 0x00007ff6abf5e000 	C:\Users\BAAK\.p2\pool\plugins\org.eclipse.justj.openjdk.hotspot.jre.full.win32.x86_64_16.0.2.v20210721-1149\jre\bin\javaw.exe
0x00007ff8ebf10000 - 0x00007ff8ec105000 	C:\WINDOWS\SYSTEM32\ntdll.dll
0x00007ff8d1ff0000 - 0x00007ff8d2006000 	C:\Program Files\AVAST Software\Avast\aswhook.dll
0x00007ff8ebd70000 - 0x00007ff8ebe2e000 	C:\WINDOWS\System32\KERNEL32.DLL
0x00007ff8e9620000 - 0x00007ff8e98e8000 	C:\WINDOWS\System32\KERNELBASE.dll
0x00007ff8e9cf0000 - 0x00007ff8e9df0000 	C:\WINDOWS\System32\ucrtbase.dll
0x00007ff8d67b0000 - 0x00007ff8d67c8000 	C:\Users\BAAK\.p2\pool\plugins\org.eclipse.justj.openjdk.hotspot.jre.full.win32.x86_64_16.0.2.v20210721-1149\jre\bin\jli.dll
0x00007ff8d5fe0000 - 0x00007ff8d5ff9000 	C:\Users\BAAK\.p2\pool\plugins\org.eclipse.justj.openjdk.hotspot.jre.full.win32.x86_64_16.0.2.v20210721-1149\jre\bin\VCRUNTIME140.dll
0x00007ff8ea830000 - 0x00007ff8ea9d1000 	C:\WINDOWS\System32\USER32.dll
0x00007ff8e9c10000 - 0x00007ff8e9c32000 	C:\WINDOWS\System32\win32u.dll
0x00007ff8d6c80000 - 0x00007ff8d6f1a000 	C:\WINDOWS\WinSxS\amd64_microsoft.windows.common-controls_6595b64144ccf1df_6.0.19041.1110_none_60b5254171f9507e\COMCTL32.dll
0x00007ff8ea300000 - 0x00007ff8ea32b000 	C:\WINDOWS\System32\GDI32.dll
0x00007ff8e9f60000 - 0x00007ff8e9ffe000 	C:\WINDOWS\System32\msvcrt.dll
0x00007ff8e9ab0000 - 0x00007ff8e9bbd000 	C:\WINDOWS\System32\gdi32full.dll
0x00007ff8e9a10000 - 0x00007ff8e9aad000 	C:\WINDOWS\System32\msvcp_win.dll
0x00007ff8eaac0000 - 0x00007ff8eaaf0000 	C:\WINDOWS\System32\IMM32.DLL
0x00007ff8e3d80000 - 0x00007ff8e3d8c000 	C:\Users\BAAK\.p2\pool\plugins\org.eclipse.justj.openjdk.hotspot.jre.full.win32.x86_64_16.0.2.v20210721-1149\jre\bin\vcruntime140_1.dll
0x00007ff8b0470000 - 0x00007ff8b0501000 	C:\Users\BAAK\.p2\pool\plugins\org.eclipse.justj.openjdk.hotspot.jre.full.win32.x86_64_16.0.2.v20210721-1149\jre\bin\msvcp140.dll
0x00007ff86bf70000 - 0x00007ff86cb1b000 	C:\Users\BAAK\.p2\pool\plugins\org.eclipse.justj.openjdk.hotspot.jre.full.win32.x86_64_16.0.2.v20210721-1149\jre\bin\server\jvm.dll
0x00007ff8eac10000 - 0x00007ff8eacbc000 	C:\WINDOWS\System32\ADVAPI32.dll
0x00007ff8ebe30000 - 0x00007ff8ebecb000 	C:\WINDOWS\System32\sechost.dll
0x00007ff8eacc0000 - 0x00007ff8eadea000 	C:\WINDOWS\System32\RPCRT4.dll
0x00007ff8e9f50000 - 0x00007ff8e9f58000 	C:\WINDOWS\System32\PSAPI.DLL
0x00007ff8d3770000 - 0x00007ff8d3779000 	C:\WINDOWS\SYSTEM32\WSOCK32.dll
0x00007ff8d3e10000 - 0x00007ff8d3e37000 	C:\WINDOWS\SYSTEM32\WINMM.dll
0x00007ff8e16e0000 - 0x00007ff8e16ea000 	C:\WINDOWS\SYSTEM32\VERSION.dll
0x00007ff8eadf0000 - 0x00007ff8eae5b000 	C:\WINDOWS\System32\WS2_32.dll
0x00007ff8e7ef0000 - 0x00007ff8e7f02000 	C:\WINDOWS\SYSTEM32\kernel.appcore.dll
0x00007ff8e3e00000 - 0x00007ff8e3e0a000 	C:\Users\BAAK\.p2\pool\plugins\org.eclipse.justj.openjdk.hotspot.jre.full.win32.x86_64_16.0.2.v20210721-1149\jre\bin\jimage.dll
0x00007ff8e7bd0000 - 0x00007ff8e7db4000 	C:\WINDOWS\SYSTEM32\DBGHELP.DLL
0x00007ff8df260000 - 0x00007ff8df28c000 	C:\WINDOWS\SYSTEM32\dbgcore.DLL
0x00007ff8e98f0000 - 0x00007ff8e9972000 	C:\WINDOWS\System32\bcryptPrimitives.dll
0x00007ff8e3da0000 - 0x00007ff8e3dc5000 	C:\Users\BAAK\.p2\pool\plugins\org.eclipse.justj.openjdk.hotspot.jre.full.win32.x86_64_16.0.2.v20210721-1149\jre\bin\java.dll

dbghelp: loaded successfully - version: 4.0.5 - missing functions: none
symbol engine: initialized successfully - sym options: 0x614 - pdb path: .;C:\Users\BAAK\.p2\pool\plugins\org.eclipse.justj.openjdk.hotspot.jre.full.win32.x86_64_16.0.2.v20210721-1149\jre\bin;C:\WINDOWS\SYSTEM32;C:\Program Files\AVAST Software\Avast;C:\WINDOWS\WinSxS\amd64_microsoft.windows.common-controls_6595b64144ccf1df_6.0.19041.1110_none_60b5254171f9507e;C:\Users\BAAK\.p2\pool\plugins\org.eclipse.justj.openjdk.hotspot.jre.full.win32.x86_64_16.0.2.v20210721-1149\jre\bin\server

VM Arguments:
jvm_args: -Dfile.encoding=Cp1252 -XX:+ShowCodeDetailsInExceptionMessages 
java_command: Palindrome
java_class_path (initial): C:\Users\BAAK\Documents\Eclipse-workspace\TugasPBO\bin
Launcher Type: SUN_STANDARD

[Global flags]
     intx CICompilerCount                          = 4                                         {product} {ergonomic}
     uint ConcGCThreads                            = 2                                         {product} {ergonomic}
     uint G1ConcRefinementThreads                  = 8                                         {product} {ergonomic}
   size_t G1HeapRegionSize                         = 1048576                                   {product} {ergonomic}
    uintx GCDrainStackTargetSize                   = 64                                        {product} {ergonomic}
   size_t InitialHeapSize                          = 132120576                                 {product} {ergonomic}
   size_t MarkStackSize                            = 4194304                                   {product} {ergonomic}
   size_t MaxHeapSize                              = 2109734912                                {product} {ergonomic}
   size_t MinHeapDeltaBytes                        = 1048576                                   {product} {ergonomic}
   size_t MinHeapSize                              = 8388608                                   {product} {ergonomic}
    uintx NonNMethodCodeHeapSize                   = 5839372                                {pd product} {ergonomic}
    uintx NonProfiledCodeHeapSize                  = 122909434                              {pd product} {ergonomic}
    uintx ProfiledCodeHeapSize                     = 122909434                              {pd product} {ergonomic}
    uintx ReservedCodeCacheSize                    = 251658240                              {pd product} {ergonomic}
     bool SegmentedCodeCache                       = true                                      {product} {ergonomic}
     bool ShowCodeDetailsInExceptionMessages       = true                                   {manageable} {command line}
   size_t SoftMaxHeapSize                          = 2109734912                             {manageable} {ergonomic}
     bool UseCompressedClassPointers               = true                           {product lp64_product} {ergonomic}
     bool UseCompressedOops                        = true                           {product lp64_product} {ergonomic}
     bool UseG1GC                                  = true                                      {product} {ergonomic}
     bool UseLargePagesIndividualAllocation        = false                                  {pd product} {ergonomic}

Logging:
Log output configuration:
 #0: stdout all=warning uptime,level,tags
 #1: stderr all=off uptime,level,tags

Environment Variables:
PATH=C:/Users/BAAK/.p2/pool/plugins/org.eclipse.justj.openjdk.hotspot.jre.full.win32.x86_64_16.0.2.v20210721-1149/jre/bin/server;C:/Users/BAAK/.p2/pool/plugins/org.eclipse.justj.openjdk.hotspot.jre.full.win32.x86_64_16.0.2.v20210721-1149/jre/bin;C:\Program Files (x86)\Common Files\Intel\Shared Libraries\redist\intel64\compiler;C:\WINDOWS\system32;C:\WINDOWS;C:\WINDOWS\System32\Wbem;C:\WINDOWS\System32\WindowsPowerShell\v1.0\;C:\WINDOWS\System32\OpenSSH\;C:\Program Files\Intel\WiFi\bin\;C:\Program Files\Common Files\Intel\WirelessCommon\;C:\Program Files (x86)\PuTTY\;c:\Program Files (x86)\Intel\Intel(R) Management Engine Components\DAL;c:\Program Files\Intel\Intel(R) Management Engine Components\DAL;C:\Program Files\nodejs\;C:\Program Files (x86)\QuickTime\QTSystem\;C:\Program Files\Git\cmd;C:\Program Files\MongoDB\Server\5.0\bin\;C:\Users\BAAK\AppData\Local\Microsoft\WindowsApps;C:\Users\BAAK\AppData\Roaming\npm;C:\MinGw\bin;C:\Users\BAAK\AppData\Local\GitHubDesktop\bin;C:\Users\BAAK\Desktop;
USERNAME=BAAK
OS=Windows_NT
PROCESSOR_IDENTIFIER=Intel64 Family 6 Model 142 Stepping 10, GenuineIntel



---------------  S Y S T E M  ---------------

OS:
 Windows 10 , 64 bit Build 19041 (10.0.19041.1348)
OS uptime: 0 days 4:03 hours

CPU: total 8 (initial active 8) (4 cores per cpu, 2 threads per core) family 6 model 142 stepping 10 microcode 0xb4, cx8, cmov, fxsr, ht, mmx, 3dnowpref, sse, sse2, sse3, ssse3, sse4.1, sse4.2, popcnt, lzcnt, tsc, tscinvbit, avx, avx2, aes, erms, clmul, bmi1, bmi2, adx, fma, vzeroupper, clflush, clflushopt

Memory: 4k page, system-wide physical 8046M (1173M free)
TotalPageFile size 8046M (AvailPageFile size 85M)
current process WorkingSet (physical memory assigned to process): 10M, peak: 10M
current process commit charge ("private bytes"): 60M, peak: 186M

vm_info: OpenJDK 64-Bit Server VM (16.0.2+7-67) for windows-amd64 JRE (16.0.2+7-67), built on Jun  8 2021 23:21:43 by "mach5one" with MS VC++ 16.7 (VS2019)

END.
